#
# There is insufficient memory for the Java Runtime Environment to continue.
# Native memory allocation (mmap) failed to map 266338304 bytes for G1 virtual space
# Possible reasons:
#   The system is out of physical RAM or swap space
#   The process is running with CompressedOops enabled, and the Java Heap may be blocking the growth of the native heap
# Possible solutions:
#   Reduce memory load on the system
#   Increase physical memory or swap space
#   Check if swap backing store is full
#   Decrease Java heap size (-Xmx/-Xms)
#   Decrease number of Java threads
#   Decrease Java thread stack sizes (-Xss)
#   Set larger code cache with -XX:ReservedCodeCacheSize=
#   JVM is running with Zero Based Compressed Oops mode in which the Java heap is
#     placed in the first 32GB address space. The Java Heap base address is the
#     maximum limit for the native heap growth. Please use -XX:HeapBaseMinAddress
#     to set the Java Heap base and to place the Java Heap above 32GB virtual address.
# This output file may be truncated or incomplete.
#
#  Out of Memory Error (os_windows.cpp:3532), pid=6968, tid=10776
#
# JRE version:  (17.0.2+8) (build )
# Java VM: Java HotSpot(TM) 64-Bit Server VM (17.0.2+8-LTS-86, mixed mode, sharing, tiered, compressed oops, compressed class ptrs, g1 gc, windows-amd64)
# No core dump will be written. Minidumps are not enabled by default on client versions of Windows
#

---------------  S U M M A R Y ------------

Command Line: -javaagent:D:\IntelliJ IDEA Community Edition 2022.2.2\lib\idea_rt.jar=56633:D:\IntelliJ IDEA Community Edition 2022.2.2\bin -Dfile.encoding=UTF-8 Fraction

Host: 11th Gen Intel(R) Core(TM) i5-11400H @ 2.70GHz, 12 cores, 15G,  Windows 10 , 64 bit Build 19041 (10.0.19041.928)
Time: Sun Mar  5 21:30:30 2023 SE Asia Standard Time elapsed time: 0.017576 seconds (0d 0h 0m 0s)

---------------  T H R E A D  ---------------

Current thread (0x0000029f0e668240):  JavaThread "Unknown thread" [_thread_in_vm, id=10776, stack(0x000000f187c00000,0x000000f187d00000)]

Stack: [0x000000f187c00000,0x000000f187d00000]
Native frames: (J=compiled Java code, j=interpreted, Vv=VM code, C=native code)
V  [jvm.dll+0x670baa]
V  [jvm.dll+0x7cfcb4]
V  [jvm.dll+0x7d145e]
V  [jvm.dll+0x7d1ac3]
V  [jvm.dll+0x242bc5]
V  [jvm.dll+0x66dac9]
V  [jvm.dll+0x662412]
V  [jvm.dll+0x300c0b]
V  [jvm.dll+0x3081a6]
V  [jvm.dll+0x357d0e]
V  [jvm.dll+0x357f3f]
V  [jvm.dll+0x2d7ec8]
V  [jvm.dll+0x2d8e34]
V  [jvm.dll+0x7a18c1]
V  [jvm.dll+0x365a91]
V  [jvm.dll+0x780d2c]
V  [jvm.dll+0x3e845f]
V  [jvm.dll+0x3e9f01]
C  [jli.dll+0x527b]
C  [ucrtbase.dll+0x21bb2]
C  [KERNEL32.DLL+0x17034]
C  [ntdll.dll+0x52651]


---------------  P R O C E S S  ---------------

Threads class SMR info:
_java_thread_list=0x00007ffa9e6a9858, length=0, elements={
}

Java Threads: ( => current thread )

Other Threads:
  0x0000029f0e6ba850 GCTaskThread "GC Thread#0" [stack: 0x000000f187d00000,0x000000f187e00000] [id=27296]
  0x0000029f0e6cb3e0 ConcurrentGCThread "G1 Main Marker" [stack: 0x000000f187e00000,0x000000f187f00000] [id=20800]
  0x0000029f0e6cc590 ConcurrentGCThread "G1 Conc#0" [stack: 0x000000f187f00000,0x000000f188000000] [id=13092]

[error occurred during error reporting (printing all threads), id 0xc0000005, EXCEPTION_ACCESS_VIOLATION (0xc0000005) at pc=0x00007ffa9def88a7]

VM state: not at safepoint (not fully initialized)

VM Mutex/Monitor currently owned by a thread:  ([mutex/lock_event])
[0x0000029f0e664910] Heap_lock - owner thread: 0x0000029f0e668240

Heap address: 0x0000000703a00000, size: 4038 MB, Compressed Oops mode: Zero based, Oop shift amount: 3

CDS archive(s) mapped at: [0x0000000000000000-0x0000000000000000-0x0000000000000000), size 0, SharedBaseAddress: 0x0000000800000000, ArchiveRelocationMode: 0.
Narrow klass base: 0x0000000000000000, Narrow klass shift: 0, Narrow klass range: 0x0

GC Precious Log:
<Empty>

Heap:
 garbage-first heap   total 0K, used 0K [0x0000000703a00000, 0x0000000800000000)
  region size 2048K, 0 young (0K), 0 survivors (0K)

[error occurred during error reporting (printing heap information), id 0xc0000005, EXCEPTION_ACCESS_VIOLATION (0xc0000005) at pc=0x00007ffa9e2d9f19]

GC Heap History (0 events):
No events

Deoptimization events (0 events):
No events

Classes unloaded (0 events):
No events

Classes redefined (0 events):
No events

Internal exceptions (0 events):
No events

VM Operations (0 events):
No events

Events (1 events):
Event: 0.013 Loaded shared library C:\Program Files\Java\jdk-17.0.2\bin\java.dll


Dynamic libraries:
0x00007ff7f1420000 - 0x00007ff7f1430000 	C:\Program Files\Java\jdk-17.0.2\bin\java.exe
0x00007ffb0a3f0000 - 0x00007ffb0a5e5000 	C:\Windows\SYSTEM32\ntdll.dll
0x00007ffb09d80000 - 0x00007ffb09e3d000 	C:\Windows\System32\KERNEL32.DLL
0x00007ffb08000000 - 0x00007ffb082c8000 	C:\Windows\System32\KERNELBASE.dll
0x00007ffb07ed0000 - 0x00007ffb07fd0000 	C:\Windows\System32\ucrtbase.dll
0x00007ffaf7c10000 - 0x00007ffaf7c2a000 	C:\Program Files\Java\jdk-17.0.2\bin\VCRUNTIME140.dll
0x00007ffaf3160000 - 0x00007ffaf3178000 	C:\Program Files\Java\jdk-17.0.2\bin\jli.dll
0x00007ffb09120000 - 0x00007ffb091cc000 	C:\Windows\System32\ADVAPI32.dll
0x00007ffb09e40000 - 0x00007ffb09ede000 	C:\Windows\System32\msvcrt.dll
0x00007ffb096e0000 - 0x00007ffb0977b000 	C:\Windows\System32\sechost.dll
0x00007ffb0a080000 - 0x00007ffb0a1ab000 	C:\Windows\System32\RPCRT4.dll
0x00007ffb099d0000 - 0x00007ffb09b70000 	C:\Windows\System32\USER32.dll
0x00007ffae8380000 - 0x00007ffae861a000 	C:\Windows\WinSxS\amd64_microsoft.windows.common-controls_6595b64144ccf1df_6.0.19041.844_none_ca00b6081b84eb1d\COMCTL32.dll
0x00007ffb08330000 - 0x00007ffb08352000 	C:\Windows\System32\win32u.dll
0x00007ffb09670000 - 0x00007ffb0969a000 	C:\Windows\System32\GDI32.dll
0x00007ffb07dc0000 - 0x00007ffb07ecb000 	C:\Windows\System32\gdi32full.dll
0x00007ffb083b0000 - 0x00007ffb0844d000 	C:\Windows\System32\msvcp_win.dll
0x00007ffaff520000 - 0x00007ffaff52a000 	C:\Windows\SYSTEM32\VERSION.dll
0x00007ffb096a0000 - 0x00007ffb096d0000 	C:\Windows\System32\IMM32.DLL
0x00007ffaf9250000 - 0x00007ffaf925c000 	C:\Program Files\Java\jdk-17.0.2\bin\vcruntime140_1.dll
0x00007ffaca500000 - 0x00007ffaca58d000 	C:\Program Files\Java\jdk-17.0.2\bin\msvcp140.dll
0x00007ffa9dc10000 - 0x00007ffa9e7d1000 	C:\Program Files\Java\jdk-17.0.2\bin\server\jvm.dll
0x00007ffb095e0000 - 0x00007ffb095e8000 	C:\Windows\System32\PSAPI.DLL
0x00007ffaf74d0000 - 0x00007ffaf74f7000 	C:\Windows\SYSTEM32\WINMM.dll
0x00007ffb02760000 - 0x00007ffb02769000 	C:\Windows\SYSTEM32\WSOCK32.dll
0x00007ffb09fb0000 - 0x00007ffb0a01b000 	C:\Windows\System32\WS2_32.dll
0x00007ffb06400000 - 0x00007ffb06412000 	C:\Windows\SYSTEM32\kernel.appcore.dll
0x00007ffaf7510000 - 0x00007ffaf751a000 	C:\Program Files\Java\jdk-17.0.2\bin\jimage.dll
0x00007ffb05980000 - 0x00007ffb05b64000 	C:\Windows\SYSTEM32\DBGHELP.DLL
0x00007ffaf0790000 - 0x00007ffaf07bc000 	C:\Windows\SYSTEM32\dbgcore.DLL
0x00007ffb07d40000 - 0x00007ffb07dc0000 	C:\Windows\System32\bcryptPrimitives.dll
0x00007ffaf3480000 - 0x00007ffaf348e000 	C:\Program Files\Java\jdk-17.0.2\bin\instrument.dll
0x00007ffaf09a0000 - 0x00007ffaf09c5000 	C:\Program Files\Java\jdk-17.0.2\bin\java.dll

dbghelp: loaded successfully - version: 4.0.5 - missing functions: none
symbol engine: initialized successfully - sym options: 0x614 - pdb path: .;C:\Program Files\Java\jdk-17.0.2\bin;C:\Windows\SYSTEM32;C:\Windows\WinSxS\amd64_microsoft.windows.common-controls_6595b64144ccf1df_6.0.19041.844_none_ca00b6081b84eb1d;C:\Program Files\Java\jdk-17.0.2\bin\server

VM Arguments:
jvm_args: -javaagent:D:\IntelliJ IDEA Community Edition 2022.2.2\lib\idea_rt.jar=56633:D:\IntelliJ IDEA Community Edition 2022.2.2\bin -Dfile.encoding=UTF-8 
java_command: Fraction
java_class_path (initial): D:\OOP\out\production\OOP
Launcher Type: SUN_STANDARD

[Global flags]
     intx CICompilerCount                          = 4                                         {product} {ergonomic}
     uint ConcGCThreads                            = 3                                         {product} {ergonomic}
     uint G1ConcRefinementThreads                  = 10                                        {product} {ergonomic}
   size_t G1HeapRegionSize                         = 2097152                                   {product} {ergonomic}
    uintx GCDrainStackTargetSize                   = 64                                        {product} {ergonomic}
   size_t InitialHeapSize                          = 266338304                                 {product} {ergonomic}
   size_t MarkStackSize                            = 4194304                                   {product} {ergonomic}
   size_t MaxHeapSize                              = 4234149888                                {product} {ergonomic}
   size_t MinHeapDeltaBytes                        = 2097152                                   {product} {ergonomic}
   size_t MinHeapSize                              = 8388608                                   {product} {ergonomic}
    uintx NonNMethodCodeHeapSize                   = 5839372                                {pd product} {ergonomic}
    uintx NonProfiledCodeHeapSize                  = 122909434                              {pd product} {ergonomic}
    uintx ProfiledCodeHeapSize                     = 122909434                              {pd product} {ergonomic}
    uintx ReservedCodeCacheSize                    = 251658240                              {pd product} {ergonomic}
     bool SegmentedCodeCache                       = true                                      {product} {ergonomic}
   size_t SoftMaxHeapSize                          = 4234149888                             {manageable} {ergonomic}
     bool UseCompressedClassPointers               = true                           {product lp64_product} {ergonomic}
     bool UseCompressedOops                        = true                           {product lp64_product} {ergonomic}
     bool UseG1GC                                  = true                                      {product} {ergonomic}
     bool UseLargePagesIndividualAllocation        = false                                  {pd product} {ergonomic}

Logging:
Log output configuration:
 #0: stdout all=warning uptime,level,tags
 #1: stderr all=off uptime,level,tags

Environment Variables:
PATH=C:\Program Files\Common Files\Oracle\Java\javapath;C:\Program Files (x86)\Common Files\Oracle\Java\javapath;%JAVA_HOME%\bin;C:\Program Files\Java\jdk17.0.2;;C:\Program Files (x86)\NVIDIA Corporation\PhysX\Common;C:\Program Files\NVIDIA Corporation\NVIDIA NvDLISR;C:\Users\My PC\AppData\Local\Microsoft\WindowsApps;;C:\Users\My PC\AppData\Local\Programs\Microsoft VS Code\bin;D:\IntelliJ IDEA Community Edition 2022.2.2\bin;
USERNAME=My PC
OS=Windows_NT
PROCESSOR_IDENTIFIER=Intel64 Family 6 Model 141 Stepping 1, GenuineIntel



---------------  S Y S T E M  ---------------

OS:
 Windows 10 , 64 bit Build 19041 (10.0.19041.928)
OS uptime: 21 days 0:50 hours

CPU: total 12 (initial active 12) (6 cores per cpu, 2 threads per core) family 6 model 141 stepping 1 microcode 0x3c, cx8, cmov, fxsr, ht, mmx, 3dnowpref, sse, sse2, sse3, ssse3, sse4.1, sse4.2, popcnt, lzcnt, tsc, tscinvbit, avx, avx2, aes, erms, clmul, bmi1, bmi2, adx, avx512f, avx512dq, avx512cd, avx512bw, avx512vl, sha, fma, vzeroupper, avx512_vpopcntdq, avx512_vpclmulqdq, avx512_vaes, avx512_vnni, clflush, clflushopt, clwb, avx512_vbmi2, avx512_vbmi

Memory: 4k page, system-wide physical 16147M (2077M free)
TotalPageFile size 38652M (AvailPageFile size 184M)
current process WorkingSet (physical memory assigned to process): 10M, peak: 10M
current process commit charge ("private bytes"): 64M, peak: 318M

vm_info: Java HotSpot(TM) 64-Bit Server VM (17.0.2+8-LTS-86) for windows-amd64 JRE (17.0.2+8-LTS-86), built on Dec  7 2021 21:51:03 by "mach5one" with MS VC++ 16.8 / 16.9 (VS2019)

END.
